\BOOKMARK [0][-]{part.1}{I Statistical Process and Quality Control}{}% 1
\BOOKMARK [1][-]{section*.1}{Introduction}{part.1}% 2
\BOOKMARK [2][-]{section*.2}{Quality and Process Control}{section*.1}% 3
\BOOKMARK [1][-]{section*.3}{Control Charts}{part.1}% 4
\BOOKMARK [2][-]{section*.4}{Hypothesis test}{section*.3}% 5
\BOOKMARK [2][-]{section*.6}{The Control Chart}{section*.3}% 6
\BOOKMARK [2][-]{section*.8}{Control Chart for barx and R}{section*.3}% 7
\BOOKMARK [2][-]{section*.11}{Control Chart with barx and s}{section*.3}% 8
\BOOKMARK [2][-]{section*.14}{Individual Control Charts}{section*.3}% 9
\BOOKMARK [2][-]{section*.15}{Control Charts for Attributes Data \205 p Chart}{section*.3}% 10
\BOOKMARK [1][-]{section*.18}{Statistical Properties of Control Charts}{part.1}% 11
\BOOKMARK [2][-]{section*.19}{Interpretation of Control Charts}{section*.18}% 12
\BOOKMARK [2][-]{section*.21}{Type I Error and Type II Error}{section*.18}% 13
\BOOKMARK [2][-]{section*.22}{Power Function and Operating Characteristic}{section*.18}% 14
\BOOKMARK [2][-]{section*.23}{Average Run Length}{section*.18}% 15
\BOOKMARK [2][-]{section*.24}{Process Capability}{section*.18}% 16
\BOOKMARK [1][-]{section*.25}{Control Charts with Memory}{part.1}% 17
\BOOKMARK [2][-]{section*.26}{CUSUM - Cumulative Sum Control Chart}{section*.25}% 18
\BOOKMARK [2][-]{section*.28}{EWMA - Exponentially Weighted Moving Average}{section*.25}% 19
\BOOKMARK [0][-]{part.2}{II Multiple Regression}{}% 20
\BOOKMARK [0][-]{part.3}{III Design of Experiment}{}% 21
