This is pdfTeX, Version 3.14159265-2.6-1.40.21 (TeX Live 2020/W32TeX) (preloaded format=pdflatex 2020.9.16)  16 MAR 2022 14:12
entering extended mode
 restricted \write18 enabled.
 file:line:error style messages enabled.
 %&-line parsing enabled.
**main.tex
(./main.tex
LaTeX2e <2020-02-02> patch level 5
L3 programming layer <2020-09-06> (c:/texlive/2020/texmf-dist/tex/latex/base/article.cls
Document Class: article 2019/12/20 v1.4l Standard LaTeX document class
(c:/texlive/2020/texmf-dist/tex/latex/base/size10.clo
File: size10.clo 2019/12/20 v1.4l Standard LaTeX file (size option)
)
\c@part=\count168
\c@section=\count169
\c@subsection=\count170
\c@subsubsection=\count171
\c@paragraph=\count172
\c@subparagraph=\count173
\c@figure=\count174
\c@table=\count175
\abovecaptionskip=\skip47
\belowcaptionskip=\skip48
\bibindent=\dimen134
) (./config.tex (c:/texlive/2020/texmf-dist/tex/latex/geometry/geometry.sty
Package: geometry 2020/01/02 v5.9 Page Geometry
 (c:/texlive/2020/texmf-dist/tex/latex/graphics/keyval.sty
Package: keyval 2014/10/28 v1.15 key=value parser (DPC)
\KV@toks@=\toks15
) (c:/texlive/2020/texmf-dist/tex/generic/iftex/ifvtex.sty
Package: ifvtex 2019/10/25 v1.7 ifvtex legacy package. Use iftex instead.
 (c:/texlive/2020/texmf-dist/tex/generic/iftex/iftex.sty
Package: iftex 2020/03/06 v1.0d TeX engine tests
))
\Gm@cnth=\count176
\Gm@cntv=\count177
\c@Gm@tempcnt=\count178
\Gm@bindingoffset=\dimen135
\Gm@wd@mp=\dimen136
\Gm@odd@mp=\dimen137
\Gm@even@mp=\dimen138
\Gm@layoutwidth=\dimen139
\Gm@layoutheight=\dimen140
\Gm@layouthoffset=\dimen141
\Gm@layoutvoffset=\dimen142
\Gm@dimlist=\toks16
) (c:/texlive/2020/texmf-dist/tex/latex/base/fontenc.sty
Package: fontenc 2020/02/11 v2.0o Standard LaTeX package
) (c:/texlive/2020/texmf-dist/tex/latex/amsfonts/amssymb.sty
Package: amssymb 2013/01/14 v3.01 AMS font symbols
 (c:/texlive/2020/texmf-dist/tex/latex/amsfonts/amsfonts.sty
Package: amsfonts 2013/01/14 v3.01 Basic AMSFonts support
\@emptytoks=\toks17
\symAMSa=\mathgroup4
\symAMSb=\mathgroup5
LaTeX Font Info:    Redeclaring math symbol \hbar on input line 98.
LaTeX Font Info:    Overwriting math alphabet `\mathfrak' in version `bold'
(Font)                  U/euf/m/n --> U/euf/b/n on input line 106.
)) (c:/texlive/2020/texmf-dist/tex/latex/amsmath/amsmath.sty
Package: amsmath 2020/01/20 v2.17e AMS math features
\@mathmargin=\skip49

For additional information on amsmath, use the `?' option.
(c:/texlive/2020/texmf-dist/tex/latex/amsmath/amstext.sty
Package: amstext 2000/06/29 v2.01 AMS text
 (c:/texlive/2020/texmf-dist/tex/latex/amsmath/amsgen.sty
File: amsgen.sty 1999/11/30 v2.0 generic functions
\@emptytoks=\toks18
\ex@=\dimen143
)) (c:/texlive/2020/texmf-dist/tex/latex/amsmath/amsbsy.sty
Package: amsbsy 1999/11/29 v1.2d Bold Symbols
\pmbraise@=\dimen144
) (c:/texlive/2020/texmf-dist/tex/latex/amsmath/amsopn.sty
Package: amsopn 2016/03/08 v2.02 operator names
)
\inf@bad=\count179
LaTeX Info: Redefining \frac on input line 227.
\uproot@=\count180
\leftroot@=\count181
LaTeX Info: Redefining \overline on input line 389.
\classnum@=\count182
\DOTSCASE@=\count183
LaTeX Info: Redefining \ldots on input line 486.
LaTeX Info: Redefining \dots on input line 489.
LaTeX Info: Redefining \cdots on input line 610.
\Mathstrutbox@=\box45
\strutbox@=\box46
\big@size=\dimen145
LaTeX Font Info:    Redeclaring font encoding OML on input line 733.
LaTeX Font Info:    Redeclaring font encoding OMS on input line 734.
\macc@depth=\count184
\c@MaxMatrixCols=\count185
\dotsspace@=\muskip16
\c@parentequation=\count186
\dspbrk@lvl=\count187
\tag@help=\toks19
\row@=\count188
\column@=\count189
\maxfields@=\count190
\andhelp@=\toks20
\eqnshift@=\dimen146
\alignsep@=\dimen147
\tagshift@=\dimen148
\tagwidth@=\dimen149
\totwidth@=\dimen150
\lineht@=\dimen151
\@envbody=\toks21
\multlinegap=\skip50
\multlinetaggap=\skip51
\mathdisplay@stack=\toks22
LaTeX Info: Redefining \[ on input line 2859.
LaTeX Info: Redefining \] on input line 2860.
) (c:/texlive/2020/texmf-dist/tex/latex/amscls/amsthm.sty
Package: amsthm 2020/05/29 v2.20.6
\thm@style=\toks23
\thm@bodyfont=\toks24
\thm@headfont=\toks25
\thm@notefont=\toks26
\thm@headpunct=\toks27
\thm@preskip=\skip52
\thm@postskip=\skip53
\thm@headsep=\skip54
\dth@everypar=\toks28
) (c:/texlive/2020/texmf-dist/tex/latex/graphics/graphicx.sty
Package: graphicx 2019/11/30 v1.2a Enhanced LaTeX Graphics (DPC,SPQR)
 (c:/texlive/2020/texmf-dist/tex/latex/graphics/graphics.sty
Package: graphics 2019/11/30 v1.4a Standard LaTeX Graphics (DPC,SPQR)
 (c:/texlive/2020/texmf-dist/tex/latex/graphics/trig.sty
Package: trig 2016/01/03 v1.10 sin cos tan (DPC)
) (c:/texlive/2020/texmf-dist/tex/latex/graphics-cfg/graphics.cfg
File: graphics.cfg 2016/06/04 v1.11 sample graphics configuration
)
Package graphics Info: Driver file: pdftex.def on input line 105.
 (c:/texlive/2020/texmf-dist/tex/latex/graphics-def/pdftex.def
File: pdftex.def 2020/08/26 v1.2 Graphics/color driver for pdftex
))
\Gin@req@height=\dimen152
\Gin@req@width=\dimen153
) (c:/texlive/2020/texmf-dist/tex/latex/fancyhdr/fancyhdr.sty
Package: fancyhdr 2019/01/31 v3.10 Extensive control of page headers and footers
\f@nch@headwidth=\skip55
\f@nch@O@elh=\skip56
\f@nch@O@erh=\skip57
\f@nch@O@olh=\skip58
\f@nch@O@orh=\skip59
\f@nch@O@elf=\skip60
\f@nch@O@erf=\skip61
\f@nch@O@olf=\skip62
\f@nch@O@orf=\skip63
) (c:/texlive/2020/texmf-dist/tex/latex/base/inputenc.sty
Package: inputenc 2018/08/11 v1.3c Input encoding file
\inpenc@prehook=\toks29
\inpenc@posthook=\toks30
) (c:/texlive/2020/texmf-dist/tex/latex/tools/multicol.sty
Package: multicol 2019/12/09 v1.8y multicolumn formatting (FMi)
\c@tracingmulticols=\count191
\mult@box=\box47
\multicol@leftmargin=\dimen154
\c@unbalance=\count192
\c@collectmore=\count193
\doublecol@number=\count194
\multicoltolerance=\count195
\multicolpretolerance=\count196
\full@width=\dimen155
\page@free=\dimen156
\premulticols=\dimen157
\postmulticols=\dimen158
\multicolsep=\skip64
\multicolbaselineskip=\skip65
\partial@page=\box48
\last@line=\box49
\maxbalancingoverflow=\dimen159
\mult@rightbox=\box50
\mult@grightbox=\box51
\mult@gfirstbox=\box52
\mult@firstbox=\box53
\@tempa=\box54
\@tempa=\box55
\@tempa=\box56
\@tempa=\box57
\@tempa=\box58
\@tempa=\box59
\@tempa=\box60
\@tempa=\box61
\@tempa=\box62
\@tempa=\box63
\@tempa=\box64
\@tempa=\box65
\@tempa=\box66
\@tempa=\box67
\@tempa=\box68
\@tempa=\box69
\@tempa=\box70
\@tempa=\box71
\@tempa=\box72
\@tempa=\box73
\@tempa=\box74
\@tempa=\box75
\@tempa=\box76
\@tempa=\box77
\@tempa=\box78
\@tempa=\box79
\@tempa=\box80
\@tempa=\box81
\@tempa=\box82
\@tempa=\box83
\@tempa=\box84
\@tempa=\box85
\@tempa=\box86
\@tempa=\box87
\@tempa=\box88
\@tempa=\box89
\@tempa=\box90
\c@minrows=\count197
\c@columnbadness=\count198
\c@finalcolumnbadness=\count199
\last@try=\dimen160
\multicolovershoot=\dimen161
\multicolundershoot=\dimen162
\mult@nat@firstbox=\box91
\colbreak@box=\box92
\mc@col@check@num=\count266
) (c:/texlive/2020/texmf-dist/tex/latex/multirow/multirow.sty
Package: multirow 2019/05/31 v2.5 Span multiple rows of a table
\multirow@colwidth=\skip66
\multirow@cntb=\count267
\multirow@dima=\skip67
\bigstrutjot=\dimen163
) (c:/texlive/2020/texmf-dist/tex/latex/tools/longtable.sty
Package: longtable 2020/01/07 v4.13 Multi-page Table package (DPC)
\LTleft=\skip68
\LTright=\skip69
\LTpre=\skip70
\LTpost=\skip71
\LTchunksize=\count268
\LTcapwidth=\dimen164
\LT@head=\box93
\LT@firsthead=\box94
\LT@foot=\box95
\LT@lastfoot=\box96
\LT@cols=\count269
\LT@rows=\count270
\c@LT@tables=\count271
\c@LT@chunks=\count272
\LT@p@ftn=\toks31
) (c:/texlive/2020/texmf-dist/tex/latex/tools/array.sty
Package: array 2019/08/31 v2.4l Tabular extension package (FMi)
\col@sep=\dimen165
\ar@mcellbox=\box97
\extrarowheight=\dimen166
\NC@list=\toks32
\extratabsurround=\skip72
\backup@length=\skip73
\ar@cellbox=\box98
)
(c:/texlive/2020/texmf-dist/tex/latex/arydshln/arydshln.sty
Package: arydshln 2019/02/21 v1.76 
\dashlinedash=\dimen167
\dashlinegap=\dimen168
\adl@box=\box99
\adl@height=\dimen169
\adl@heightsave=\dimen170
\adl@depth=\dimen171
\adl@depthsave=\dimen172
\adl@finaldepth=\dimen173
\adl@columns=\count273
\adl@ncol=\count274
\adl@currentcolumn=\count275
\adl@currentcolumnsave=\count276
\adl@totalheight=\count277
\adl@totalheightsave=\count278
\adl@dash=\count279
\adl@gap=\count280
\adl@cla=\count281
\adl@clb=\count282
\adl@everyvbox=\toks33
\adl@LTpagetotal=\dimen174
) (c:/texlive/2020/texmf-dist/tex/latex/tools/tabularx.sty
Package: tabularx 2020/01/15 v2.11c `tabularx' package (DPC)
\TX@col@width=\dimen175
\TX@old@table=\dimen176
\TX@old@col=\dimen177
\TX@target=\dimen178
\TX@delta=\dimen179
\TX@cols=\count283
\TX@ftn=\toks34
) (c:/texlive/2020/texmf-dist/tex/latex/pdfpages/pdfpages.sty
Package: pdfpages 2020/01/28 v0.5q Insert pages of external PDF documents (AM)
 (c:/texlive/2020/texmf-dist/tex/latex/base/ifthen.sty
Package: ifthen 2014/09/29 v1.1c Standard LaTeX ifthen package (DPC)
) (c:/texlive/2020/texmf-dist/tex/latex/tools/calc.sty
Package: calc 2017/05/25 v4.3 Infix arithmetic (KKT,FJ)
\calc@Acount=\count284
\calc@Bcount=\count285
\calc@Adimen=\dimen180
\calc@Bdimen=\dimen181
\calc@Askip=\skip74
\calc@Bskip=\skip75
LaTeX Info: Redefining \setlength on input line 80.
LaTeX Info: Redefining \addtolength on input line 81.
\calc@Ccount=\count286
\calc@Cskip=\skip76
) (c:/texlive/2020/texmf-dist/tex/latex/eso-pic/eso-pic.sty
Package: eso-pic 2018/04/12 v2.0h eso-pic (RN)
 (c:/texlive/2020/texmf-dist/tex/generic/atbegshi/atbegshi.sty
Package: atbegshi 2019/12/05 v1.19 At begin shipout hook (HO)
 (c:/texlive/2020/texmf-dist/tex/generic/infwarerr/infwarerr.sty
Package: infwarerr 2019/12/03 v1.5 Providing info/warning/error messages (HO)
) (c:/texlive/2020/texmf-dist/tex/generic/ltxcmds/ltxcmds.sty
Package: ltxcmds 2019/12/15 v1.24 LaTeX kernel commands for general use (HO)
)) (c:/texlive/2020/texmf-dist/tex/latex/xcolor/xcolor.sty
Package: xcolor 2016/05/11 v2.12 LaTeX color extensions (UK)
 (c:/texlive/2020/texmf-dist/tex/latex/graphics-cfg/color.cfg
File: color.cfg 2016/01/02 v1.6 sample color configuration
)
Package xcolor Info: Driver file: pdftex.def on input line 225.
Package xcolor Info: Model `cmy' substituted by `cmy0' on input line 1348.
Package xcolor Info: Model `hsb' substituted by `rgb' on input line 1352.
Package xcolor Info: Model `RGB' extended on input line 1364.
Package xcolor Info: Model `HTML' substituted by `rgb' on input line 1366.
Package xcolor Info: Model `Hsb' substituted by `hsb' on input line 1367.
Package xcolor Info: Model `tHsb' substituted by `hsb' on input line 1368.
Package xcolor Info: Model `HSB' substituted by `hsb' on input line 1369.
Package xcolor Info: Model `Gray' substituted by `gray' on input line 1370.
Package xcolor Info: Model `wave' substituted by `hsb' on input line 1371.
))
\AM@pagewidth=\dimen182
\AM@pageheight=\dimen183
 (c:/texlive/2020/texmf-dist/tex/latex/pdfpages/pppdftex.def
File: pppdftex.def 2020/01/28 v0.5q Pdfpages driver for pdfTeX (AM)
)
\AM@pagebox=\box100
\AM@global@opts=\toks35
\AM@pagecnt=\count287
\AM@toc@title=\toks36
\c@AM@survey=\count288
\AM@templatesizebox=\box101
) (c:/texlive/2020/texmf-dist/tex/latex/hyperref/hyperref.sty
Package: hyperref 2020-05-15 v7.00e Hypertext links for LaTeX
 (c:/texlive/2020/texmf-dist/tex/generic/pdftexcmds/pdftexcmds.sty
Package: pdftexcmds 2020-06-27 v0.33 Utility functions of pdfTeX for LuaTeX (HO)
Package pdftexcmds Info: \pdf@primitive is available.
Package pdftexcmds Info: \pdf@ifprimitive is available.
Package pdftexcmds Info: \pdfdraftmode found.
) (c:/texlive/2020/texmf-dist/tex/generic/kvsetkeys/kvsetkeys.sty
Package: kvsetkeys 2019/12/15 v1.18 Key value parser (HO)
) (c:/texlive/2020/texmf-dist/tex/generic/kvdefinekeys/kvdefinekeys.sty
Package: kvdefinekeys 2019-12-19 v1.6 Define keys (HO)
)
(c:/texlive/2020/texmf-dist/tex/generic/pdfescape/pdfescape.sty
Package: pdfescape 2019/12/09 v1.15 Implements pdfTeX's escape features (HO)
) (c:/texlive/2020/texmf-dist/tex/latex/hycolor/hycolor.sty
Package: hycolor 2020-01-27 v1.10 Color options for hyperref/bookmark (HO)
) (c:/texlive/2020/texmf-dist/tex/latex/letltxmacro/letltxmacro.sty
Package: letltxmacro 2019/12/03 v1.6 Let assignment for LaTeX macros (HO)
) (c:/texlive/2020/texmf-dist/tex/latex/auxhook/auxhook.sty
Package: auxhook 2019-12-17 v1.6 Hooks for auxiliary files (HO)
) (c:/texlive/2020/texmf-dist/tex/latex/kvoptions/kvoptions.sty
Package: kvoptions 2019/11/29 v3.13 Key value format for package options (HO)
)
\@linkdim=\dimen184
\Hy@linkcounter=\count289
\Hy@pagecounter=\count290
 (c:/texlive/2020/texmf-dist/tex/latex/hyperref/pd1enc.def
File: pd1enc.def 2020-05-15 v7.00e Hyperref: PDFDocEncoding definition (HO)
Now handling font encoding PD1 ...
... no UTF-8 mapping file for font encoding PD1
) (c:/texlive/2020/texmf-dist/tex/generic/intcalc/intcalc.sty
Package: intcalc 2019/12/15 v1.3 Expandable calculations with integers (HO)
) (c:/texlive/2020/texmf-dist/tex/generic/etexcmds/etexcmds.sty
Package: etexcmds 2019/12/15 v1.7 Avoid name clashes with e-TeX commands (HO)
)
\Hy@SavedSpaceFactor=\count291
Package hyperref Info: Hyper figures OFF on input line 4464.
Package hyperref Info: Link nesting OFF on input line 4469.
Package hyperref Info: Hyper index ON on input line 4472.
Package hyperref Info: Plain pages OFF on input line 4479.
Package hyperref Info: Backreferencing OFF on input line 4484.
Package hyperref Info: Implicit mode ON; LaTeX internals redefined.
Package hyperref Info: Bookmarks ON on input line 4717.
\c@Hy@tempcnt=\count292
 (c:/texlive/2020/texmf-dist/tex/latex/url/url.sty
\Urlmuskip=\muskip17
Package: url 2013/09/16  ver 3.4  Verb mode for urls, etc.
)
LaTeX Info: Redefining \url on input line 5076.
\XeTeXLinkMargin=\dimen185
 (c:/texlive/2020/texmf-dist/tex/generic/bitset/bitset.sty
Package: bitset 2019/12/09 v1.3 Handle bit-vector datatype (HO)
 (c:/texlive/2020/texmf-dist/tex/generic/bigintcalc/bigintcalc.sty
Package: bigintcalc 2019/12/15 v1.5 Expandable calculations on big integers (HO)
))
\Fld@menulength=\count293
\Field@Width=\dimen186
\Fld@charsize=\dimen187
Package hyperref Info: Hyper figures OFF on input line 6347.
Package hyperref Info: Link nesting OFF on input line 6352.
Package hyperref Info: Hyper index ON on input line 6355.
Package hyperref Info: backreferencing OFF on input line 6362.
Package hyperref Info: Link coloring OFF on input line 6367.
Package hyperref Info: Link coloring with OCG OFF on input line 6372.
Package hyperref Info: PDF/A mode OFF on input line 6377.
LaTeX Info: Redefining \ref on input line 6417.
LaTeX Info: Redefining \pageref on input line 6421.
\Hy@abspage=\count294
\c@Item=\count295
\c@Hfootnote=\count296
)
Package hyperref Info: Driver (autodetected): hpdftex.
 (c:/texlive/2020/texmf-dist/tex/latex/hyperref/hpdftex.def
File: hpdftex.def 2020-05-15 v7.00e Hyperref driver for pdfTeX
 (c:/texlive/2020/texmf-dist/tex/latex/atveryend/atveryend.sty
Package: atveryend 2019-12-11 v1.11 Hooks at the very end of document (HO)
Package atveryend Info: \enddocument detected (standard20110627).
)
\Fld@listcount=\count297
\c@bookmark@seq@number=\count298
 (c:/texlive/2020/texmf-dist/tex/latex/rerunfilecheck/rerunfilecheck.sty
Package: rerunfilecheck 2019/12/05 v1.9 Rerun checks for auxiliary files (HO)
 (c:/texlive/2020/texmf-dist/tex/generic/uniquecounter/uniquecounter.sty
Package: uniquecounter 2019/12/15 v1.4 Provide unlimited unique counter (HO)
)
Package uniquecounter Info: New unique counter `rerunfilecheck' on input line 286.
)
\Hy@SectionHShift=\skip77
)

Package hyperref Warning: Option `bookmarks' has already been used,
(hyperref)                setting the option has no effect on input line 22.

(c:/texlive/2020/texmf-dist/tex/latex/parskip/parskip.sty
Package: parskip 2020-06-15 v2.0f non-zero parskip adjustments
 (c:/texlive/2020/texmf-dist/tex/latex/etoolbox/etoolbox.sty
Package: etoolbox 2020/08/24 v2.5j e-TeX tools for LaTeX (JAW)
\etb@tempcnta=\count299
)) (c:/texlive/2020/texmf-dist/tex/latex/caption/caption.sty
Package: caption 2020/09/02 v3.5a Customizing captions (AR)
 (c:/texlive/2020/texmf-dist/tex/latex/caption/caption3.sty
Package: caption3 2020/09/11 v2.0b caption3 kernel (AR)
\captionmargin=\dimen188
\captionmargin@=\dimen189
\captionwidth=\dimen190
\caption@tempdima=\dimen191
\caption@indent=\dimen192
\caption@parindent=\dimen193
\caption@hangindent=\dimen194
Package caption Info: Standard document class detected.
)
\c@caption@flags=\count300
\c@continuedfloat=\count301
Package caption Info: hyperref package is loaded.
Package caption Info: longtable package is loaded.
 (c:/texlive/2020/texmf-dist/tex/latex/caption/ltcaption.sty
Package: ltcaption 2020/05/30 v1.4b longtable captions (AR)
)) (c:/texlive/2020/texmf-dist/tex/latex/caption/subcaption.sty
Package: subcaption 2020/08/23 v1.3g Sub-captions (AR)
\c@subfigure=\count302
\c@subtable=\count303
) (c:/texlive/2020/texmf-dist/tex/latex/float/float.sty
Package: float 2001/11/08 v1.3d Float enhancements (AL)
\c@float@type=\count304
\float@exts=\toks37
\float@box=\box102
\@float@everytoks=\toks38
\@floatcapt=\box103
)
\@float@every@table=\toks39
 (c:/texlive/2020/texmf-dist/tex/latex/siunitx/siunitx.sty (c:/texlive/2020/texmf-dist/tex/latex/l3kernel/expl3.sty
Package: expl3 2020-09-06 L3 programming layer (loader) 
 (c:/texlive/2020/texmf-dist/tex/latex/l3backend/l3backend-pdftex.def
File: l3backend-pdftex.def 2020-09-11 L3 backend support: PDF output (pdfTeX)
\l__kernel_color_stack_int=\count305
\l__pdf_internal_box=\box104
)) (c:/texlive/2020/texmf-dist/tex/latex/l3packages/xparse/xparse.sty
Package: xparse 2020-05-15 L3 Experimental document command parser
 (c:/texlive/2020/texmf-dist/tex/latex/l3packages/xparse/xparse-generic.tex
\l__xparse_current_arg_int=\count306
\g__xparse_grabber_int=\count307
\l__xparse_m_args_int=\count308
\l__xparse_v_nesting_int=\count309
))
Package: siunitx 2020/02/25 v2.8b A comprehensive (SI) units package
 (c:/texlive/2020/texmf-dist/tex/latex/l3packages/l3keys2e/l3keys2e.sty
Package: l3keys2e 2020-05-15 LaTeX2e option processing using LaTeX3 keys
)
\l__siunitx_tmp_box=\box105
\l__siunitx_tmp_dim=\dimen195
\l__siunitx_tmp_int=\count310
\l__siunitx_number_mantissa_length_int=\count311
\l__siunitx_number_uncert_length_int=\count312
\l__siunitx_round_int=\count313
\l__siunitx_process_decimal_int=\count314
\l__siunitx_process_uncertainty_int=\count315
\l__siunitx_process_fixed_int=\count316
\l__siunitx_process_integer_min_int=\count317
\l__siunitx_process_precision_int=\count318
\l__siunitx_group_min_int=\count319
\l__siunitx_angle_marker_box=\box106
\l__siunitx_angle_unit_box=\box107
\l__siunitx_angle_marker_dim=\dimen196
\l__siunitx_angle_unit_dim=\dimen197
\l__siunitx_unit_int=\count320
\l__siunitx_unit_denominator_int=\count321
\l__siunitx_unit_numerator_int=\count322
\l__siunitx_unit_prefix_int=\count323
\l__siunitx_unit_prefix_base_int=\count324
\l__siunitx_unit_prefix_gram_int=\count325
\l__siunitx_number_product_int=\count326
\c__siunitx_one_fill_skip=\skip78
\l__siunitx_table_unit_align_skip=\skip79
\l__siunitx_table_exponent_dim=\dimen198
\l__siunitx_table_integer_dim=\dimen199
\l__siunitx_table_mantissa_dim=\dimen256
\l__siunitx_table_marker_dim=\dimen257
\l__siunitx_table_result_dim=\dimen258
\l__siunitx_table_uncert_dim=\dimen259
\l__siunitx_table_fill_pre_dim=\dimen260
\l__siunitx_table_fill_post_dim=\dimen261
\l__siunitx_table_fill_mid_dim=\dimen262
\l__siunitx_table_pre_box=\box108
\l__siunitx_table_post_box=\box109
\l__siunitx_table_mantissa_box=\box110
\l__siunitx_table_result_box=\box111
\l__siunitx_table_number_align_skip=\skip80
\l__siunitx_table_text_align_skip=\skip81
 (c:/texlive/2020/texmf-dist/tex/latex/translator/translator.sty
Package: translator 2020-08-03 v1.12c Easy translation of strings in LaTeX
)) (c:/texlive/2020/texmf-dist/tex/latex/lipsum/lipsum.sty
Package: lipsum 2019/01/02 v2.2 150 paragraphs of Lorem Ipsum dummy text
 (c:/texlive/2020/texmf-dist/tex/latex/lipsum/lipsum.ltd.tex
File: lipsum.ltd.tex 2019/01/02 v2.2 The Lorem ipsum dummy text
))
\thickarrayrulewidth=\skip82


Package Fancyhdr Warning: \fancyfoot's `E' option without twoside option is useless on input line 67.


Package Fancyhdr Warning: \fancyfoot's `E' option without twoside option is useless on input line 68.

) (./main.aux)
\openout1 = `main.aux'.

LaTeX Font Info:    Checking defaults for OML/cmm/m/it on input line 6.
LaTeX Font Info:    ... okay on input line 6.
LaTeX Font Info:    Checking defaults for OMS/cmsy/m/n on input line 6.
LaTeX Font Info:    ... okay on input line 6.
LaTeX Font Info:    Checking defaults for OT1/cmr/m/n on input line 6.
LaTeX Font Info:    ... okay on input line 6.
LaTeX Font Info:    Checking defaults for T1/cmr/m/n on input line 6.
LaTeX Font Info:    ... okay on input line 6.
LaTeX Font Info:    Checking defaults for TS1/cmr/m/n on input line 6.
LaTeX Font Info:    ... okay on input line 6.
LaTeX Font Info:    Checking defaults for OMX/cmex/m/n on input line 6.
LaTeX Font Info:    ... okay on input line 6.
LaTeX Font Info:    Checking defaults for U/cmr/m/n on input line 6.
LaTeX Font Info:    ... okay on input line 6.
LaTeX Font Info:    Checking defaults for PD1/pdf/m/n on input line 6.
LaTeX Font Info:    ... okay on input line 6.

*geometry* driver: auto-detecting
*geometry* detected driver: pdftex
*geometry* verbose mode - [ preamble ] result:
* driver: pdftex
* paper: a4paper
* layout: <same size as paper>
* layoutoffset:(h,v)=(0.0pt,0.0pt)
* modes: 
* h-part:(L,W,R)=(28.45274pt, 540.60239pt, 28.45274pt)
* v-part:(T,H,B)=(28.45274pt, 768.22443pt, 48.36967pt)
* \paperwidth=597.50787pt
* \paperheight=845.04684pt
* \textwidth=540.60239pt
* \textheight=768.22443pt
* \oddsidemargin=-43.81725pt
* \evensidemargin=-43.81725pt
* \topmargin=-80.81725pt
* \headheight=12.0pt
* \headsep=25.0pt
* \topskip=10.0pt
* \footskip=30.0pt
* \marginparwidth=65.0pt
* \marginparsep=11.0pt
* \columnsep=10.0pt
* \skip\footins=9.0pt plus 4.0pt minus 2.0pt
* \hoffset=0.0pt
* \voffset=0.0pt
* \mag=1000
* \@twocolumnfalse
* \@twosidefalse
* \@mparswitchfalse
* \@reversemarginfalse
* (1in=72.27pt=25.4mm, 1cm=28.453pt)

(c:/texlive/2020/texmf-dist/tex/context/base/mkii/supp-pdf.mkii
[Loading MPS to PDF converter (version 2006.09.02).]
\scratchcounter=\count327
\scratchdimen=\dimen263
\scratchbox=\box112
\nofMPsegments=\count328
\nofMParguments=\count329
\everyMPshowfont=\toks40
\MPscratchCnt=\count330
\MPscratchDim=\dimen264
\MPnumerator=\count331
\makeMPintoPDFobject=\count332
\everyMPtoPDFconversion=\toks41
) (c:/texlive/2020/texmf-dist/tex/latex/epstopdf-pkg/epstopdf-base.sty
Package: epstopdf-base 2020-01-24 v2.11 Base part for package epstopdf
Package epstopdf-base Info: Redefining graphics rule for `.eps' on input line 485.
 (c:/texlive/2020/texmf-dist/tex/latex/latexconfig/epstopdf-sys.cfg
File: epstopdf-sys.cfg 2010/07/13 v1.3 Configuration of (r)epstopdf for TeX Live
))
\AtBeginShipoutBox=\box113
 (c:/texlive/2020/texmf-dist/tex/latex/pdflscape/pdflscape.sty
Package: pdflscape 2019/12/05 v0.12 Display of landscape pages in PDF (HO)
 (c:/texlive/2020/texmf-dist/tex/latex/graphics/lscape.sty
Package: lscape 2000/10/22 v3.01 Landscape Pages (DPC)
)
Package pdflscape Info: Auto-detected driver: pdftex on input line 81.
)
Package hyperref Info: Link coloring OFF on input line 6.
 (c:/texlive/2020/texmf-dist/tex/latex/hyperref/nameref.sty
Package: nameref 2019/09/16 v2.46 Cross-referencing by name of section
 (c:/texlive/2020/texmf-dist/tex/latex/refcount/refcount.sty
Package: refcount 2019/12/15 v3.6 Data extraction from label references (HO)
) (c:/texlive/2020/texmf-dist/tex/generic/gettitlestring/gettitlestring.sty
Package: gettitlestring 2019/12/15 v1.6 Cleanup title references (HO)
)
\c@section@level=\count333
)
LaTeX Info: Redefining \ref on input line 6.
LaTeX Info: Redefining \pageref on input line 6.
LaTeX Info: Redefining \nameref on input line 6.
 (./main.out) (./main.out)
\@outlinefile=\write3
\openout3 = `main.out'.

Package caption Info: Begin \AtBeginDocument code.
Package caption Info: float package is loaded.
Package caption Info: End \AtBeginDocument code.
 (c:/texlive/2020/texmf-dist/tex/latex/translator/translator-basic-dictionary-English.dict
Dictionary: translator-basic-dictionary, Language: English 
) (c:/texlive/2020/texmf-dist/tex/latex/siunitx/siunitx-abbreviations.cfg
File: siunitx-abbreviations.cfg 2017/11/26 v2.7k siunitx: Abbreviated units
)
LaTeX Font Info:    Trying to load font information for U+msa on input line 6.
 (c:/texlive/2020/texmf-dist/tex/latex/amsfonts/umsa.fd
File: umsa.fd 2013/01/14 v3.01 AMS symbols A
)
LaTeX Font Info:    Trying to load font information for U+msb on input line 6.
 (c:/texlive/2020/texmf-dist/tex/latex/amsfonts/umsb.fd
File: umsb.fd 2013/01/14 v3.01 AMS symbols B
) (./1_introduction.tex
Underfull \hbox (badness 10000) in paragraph at lines 5--7

 []


Underfull \hbox (badness 10000) in paragraph at lines 13--15

 []


Underfull \hbox (badness 10000) in paragraph at lines 28--44

 []

<Pics/1.2.2.png, id=349, 419.76825pt x 366.168pt>
File: Pics/1.2.2.png Graphic file (type png)
<use Pics/1.2.2.png>
Package pdftex.def Info: Pics/1.2.2.png  used on input line 50.
(pdftex.def)             Requested size: 106.11885pt x 92.56424pt.
<Pics/1.2.3.png, id=351, 608.2725pt x 258.9675pt>
File: Pics/1.2.3.png Graphic file (type png)
<use Pics/1.2.3.png>
Package pdftex.def Info: Pics/1.2.3.png  used on input line 58.
(pdftex.def)             Requested size: 159.18233pt x 67.76857pt.
<Pics/1.2.4.png, id=352, 442.65375pt x 409.53pt>
File: Pics/1.2.4.png Graphic file (type png)
<use Pics/1.2.4.png>
Package pdftex.def Info: Pics/1.2.4.png  used on input line 66.
(pdftex.def)             Requested size: 106.11885pt x 98.17671pt.
) (./2_control_charts.tex
Underfull \hbox (badness 10000) in paragraph at lines 16--17

 []


Underfull \hbox (badness 10000) in paragraph at lines 24--25

 []


Underfull \hbox (badness 10000) in paragraph at lines 26--29

 []


Underfull \hbox (badness 10000) in paragraph at lines 37--40

 []

<Pics/2.1.png, id=353, 810.77907pt x 311.66437pt>
File: Pics/2.1.png Graphic file (type png)
<use Pics/2.1.png>
Package pdftex.def Info: Pics/2.1.png  used on input line 46.
(pdftex.def)             Requested size: 212.24176pt x 81.58247pt.
[1

{c:/texlive/2020/texmf-var/fonts/map/pdftex/updmap/pdftex.map} <./Pics/1.2.2.png> <./Pics/1.2.3.png> <./Pics/1.2.4.png>]

Package hyperref Warning: Token not allowed in a PDF string (PDFDocEncoding):
(hyperref)                removing `math shift' on input line 68.


Package hyperref Warning: Token not allowed in a PDF string (PDFDocEncoding):
(hyperref)                removing `math shift' on input line 68.


Underfull \hbox (badness 10000) in paragraph at lines 69--72

 []


Underfull \hbox (badness 10000) in paragraph at lines 79--80

 []


Underfull \hbox (badness 10000) in paragraph at lines 94--97

 []


Package hyperref Warning: Token not allowed in a PDF string (PDFDocEncoding):
(hyperref)                removing `math shift' on input line 140.


Package hyperref Warning: Token not allowed in a PDF string (PDFDocEncoding):
(hyperref)                removing `math shift' on input line 140.


Underfull \hbox (badness 10000) in paragraph at lines 143--146

 []


Underfull \hbox (badness 10000) in paragraph at lines 178--181

 []


Underfull \hbox (badness 10000) in paragraph at lines 185--187

 []


Underfull \hbox (badness 10000) in paragraph at lines 195--197

 []


Underfull \hbox (badness 10000) in paragraph at lines 210--212

 []

[2 <./Pics/2.1.png>]
Underfull \hbox (badness 10000) in paragraph at lines 224--226

 []


Underfull \hbox (badness 10000) in paragraph at lines 227--228

 []

) (./3_statistical_properties_of_control_charts.tex
<Pics/3.1.1.png, id=425, 443.40656pt x 264.99pt>
File: Pics/3.1.1.png Graphic file (type png)
<use Pics/3.1.1.png>
Package pdftex.def Info: Pics/3.1.1.png  used on input line 21.
(pdftex.def)             Requested size: 128.66545pt x 76.89365pt.
<Pics/3.1.2.png, id=426, 630.10406pt x 376.40625pt>
File: Pics/3.1.2.png Graphic file (type png)
<use Pics/3.1.2.png>
Package pdftex.def Info: Pics/3.1.2.png  used on input line 21.
(pdftex.def)             Requested size: 128.66545pt x 76.85936pt.
<Pics/3.1.3.png, id=427, 633.86812pt x 371.88937pt>
File: Pics/3.1.3.png Graphic file (type png)
<use Pics/3.1.3.png>
Package pdftex.def Info: Pics/3.1.3.png  used on input line 24.
(pdftex.def)             Requested size: 128.66545pt x 75.4831pt.
<Pics/3.1.4.png, id=428, 635.37375pt x 375.65344pt>
File: Pics/3.1.4.png Graphic file (type png)
<use Pics/3.1.4.png>
Package pdftex.def Info: Pics/3.1.4.png  used on input line 24.
(pdftex.def)             Requested size: 128.66545pt x 76.0694pt.

Overfull \hbox (3.99895pt too wide) in paragraph at lines 20--28
[][] 
 []


Underfull \hbox (badness 10000) in paragraph at lines 38--43

 []


Underfull \hbox (badness 10000) in paragraph at lines 44--47

 []

<Pics/3.2.1.png, id=429, 661.72218pt x 396.7322pt>
File: Pics/3.2.1.png Graphic file (type png)
<use Pics/3.2.1.png>
Package pdftex.def Info: Pics/3.2.1.png  used on input line 53.
(pdftex.def)             Requested size: 128.66545pt x 77.13545pt.
<Pics/3.2.2.png, id=430, 663.98062pt x 392.21532pt>
File: Pics/3.2.2.png Graphic file (type png)
<use Pics/3.2.2.png>
Package pdftex.def Info: Pics/3.2.2.png  used on input line 53.
(pdftex.def)             Requested size: 128.66545pt x 75.99991pt.

Overfull \hbox (3.99895pt too wide) in paragraph at lines 52--57
[][] 
 []


Underfull \hbox (badness 10000) in paragraph at lines 48--57

 []

<Pics/3.2.3.png, id=431, 648.17157pt x 389.20406pt>
File: Pics/3.2.3.png Graphic file (type png)
<use Pics/3.2.3.png>
Package pdftex.def Info: Pics/3.2.3.png  used on input line 64.
(pdftex.def)             Requested size: 128.66545pt x 77.25743pt.
<Pics/3.2.4.png, id=432, 656.4525pt x 394.47375pt>
File: Pics/3.2.4.png Graphic file (type png)
<use Pics/3.2.4.png>
Package pdftex.def Info: Pics/3.2.4.png  used on input line 64.
(pdftex.def)             Requested size: 128.66545pt x 77.31631pt.

Underfull \hbox (badness 10000) in paragraph at lines 59--68

 []


Underfull \hbox (badness 10000) in paragraph at lines 77--79

 []


Underfull \hbox (badness 10000) in paragraph at lines 87--89

 []

[3 <./Pics/3.1.1.png> <./Pics/3.1.2.png> <./Pics/3.1.3.png> <./Pics/3.1.4.png> <./Pics/3.2.1.png> <./Pics/3.2.2.png> <./Pics/3.2.3.png> <./Pics/3.2.4.png>]
<Pics/3.3.2.png, id=463, 636.12656pt x 578.91281pt>
File: Pics/3.3.2.png Graphic file (type png)
<use Pics/3.3.2.png>
Package pdftex.def Info: Pics/3.3.2.png  used on input line 94.
(pdftex.def)             Requested size: 212.24176pt x 193.14418pt.
) (./4_control_charts_with_memory.tex
Underfull \hbox (badness 10000) in paragraph at lines 4--9

 []


Underfull \hbox (badness 10000) in paragraph at lines 18--21

 []


Underfull \hbox (badness 10000) in paragraph at lines 29--32

 []


Underfull \hbox (badness 10000) in paragraph at lines 36--38

 []


Underfull \hbox (badness 10000) in paragraph at lines 39--41

 []


Underfull \hbox (badness 10000) in paragraph at lines 42--44

 []

<Pics/4.1.png, id=466, 674.52pt x 614.295pt>
File: Pics/4.1.png Graphic file (type png)
<use Pics/4.1.png>
Package pdftex.def Info: Pics/4.1.png  used on input line 51.
(pdftex.def)             Requested size: 212.24176pt x 193.28836pt.
[4 <./Pics/3.3.2.png>]
Underfull \hbox (badness 10000) in paragraph at lines 58--61

 []


Underfull \hbox (badness 10000) in paragraph at lines 62--64

 []


Underfull \hbox (badness 10000) in paragraph at lines 65--66

 []


Underfull \hbox (badness 10000) in paragraph at lines 73--74

 []


Underfull \hbox (badness 10000) in paragraph at lines 76--78

 []


Underfull \hbox (badness 10000) in paragraph at lines 79--80

 []


Underfull \hbox (badness 10000) in paragraph at lines 108--109

 []

<Pics/4.2.png, id=486, 677.53125pt x 614.295pt>
File: Pics/4.2.png Graphic file (type png)
<use Pics/4.2.png>
Package pdftex.def Info: Pics/4.2.png  used on input line 115.
(pdftex.def)             Requested size: 212.24176pt x 192.43538pt.
) (./5_acceptance_sampling.tex
Underfull \hbox (badness 10000) in paragraph at lines 2--5

 []


Underfull \hbox (badness 10000) in paragraph at lines 34--35

 []


Underfull \hbox (badness 10000) in paragraph at lines 36--40

 []


Underfull \hbox (badness 10000) in paragraph at lines 41--45

 []

[5 <./Pics/4.1.png> <./Pics/4.2.png>]
Underfull \hbox (badness 10000) in paragraph at lines 62--64

 []

<Pics/5.1.1.png, id=504, 748.29562pt x 679.78969pt>
File: Pics/5.1.1.png Graphic file (type png)
<use Pics/5.1.1.png>
Package pdftex.def Info: Pics/5.1.1.png  used on input line 69.
(pdftex.def)             Requested size: 212.24176pt x 192.80852pt.
<Pics/5.1.2.png, id=505, 794.2172pt x 718.18312pt>
File: Pics/5.1.2.png Graphic file (type png)
<use Pics/5.1.2.png>
Package pdftex.def Info: Pics/5.1.2.png  used on input line 76.
(pdftex.def)             Requested size: 212.24176pt x 191.91757pt.
<Pics/5.1.3.png, id=506, 788.19469pt x 717.43031pt>
File: Pics/5.1.3.png Graphic file (type png)
<use Pics/5.1.3.png>
Package pdftex.def Info: Pics/5.1.3.png  used on input line 82.
(pdftex.def)             Requested size: 212.24176pt x 193.1833pt.

Underfull \hbox (badness 10000) in paragraph at lines 95--97

 []

<Pics/5.1.4.png, id=507, 760.34062pt x 692.5875pt>
File: Pics/5.1.4.png Graphic file (type png)
<use Pics/5.1.4.png>
Package pdftex.def Info: Pics/5.1.4.png  used on input line 101.
(pdftex.def)             Requested size: 212.24176pt x 193.33136pt.

Underfull \hbox (badness 10000) in paragraph at lines 107--109

 []

) (./7_simple_linear_regression.tex
Underfull \hbox (badness 10000) in paragraph at lines 6--8

 []

[6 <./Pics/5.1.1.png> <./Pics/5.1.2.png> <./Pics/5.1.3.png> <./Pics/5.1.4.png>]
Underfull \hbox (badness 10000) in paragraph at lines 12--14

 []


Underfull \hbox (badness 10000) in paragraph at lines 24--26

 []


Underfull \hbox (badness 10000) in paragraph at lines 27--28

 []


Underfull \hbox (badness 10000) in paragraph at lines 68--70

 []


Underfull \hbox (badness 10000) in paragraph at lines 83--85

 []


Underfull \hbox (badness 10000) in paragraph at lines 93--95

 []


Underfull \hbox (badness 10000) in paragraph at lines 105--108

 []


Underfull \hbox (badness 10000) in paragraph at lines 120--122

 []


Underfull \hbox (badness 10000) in paragraph at lines 172--174

 []

[7]
Underfull \hbox (badness 10000) in paragraph at lines 200--202

 []

<Pics/7.4.png, id=549, 852.93657pt x 772.38562pt>
File: Pics/7.4.png Graphic file (type png)
<use Pics/7.4.png>
Package pdftex.def Info: Pics/7.4.png  used on input line 217.
(pdftex.def)             Requested size: 212.24176pt x 192.20021pt.
) (./8_residual_analysis.tex
Underfull \hbox (badness 10000) in paragraph at lines 20--22

 []

<Pics/8.2.1.png, id=550, 575.751pt x 519.74174pt>
File: Pics/8.2.1.png Graphic file (type png)
<use Pics/8.2.1.png>
Package pdftex.def Info: Pics/8.2.1.png  used on input line 75.
(pdftex.def)             Requested size: 128.66545pt x 116.15172pt.
<Pics/8.2.2.png, id=551, 575.751pt x 522.15076pt>
File: Pics/8.2.2.png Graphic file (type png)
<use Pics/8.2.2.png>
Package pdftex.def Info: Pics/8.2.2.png  used on input line 75.
(pdftex.def)             Requested size: 128.66545pt x 116.69008pt.

Overfull \hbox (3.99895pt too wide) in paragraph at lines 74--79
[][] 
 []

[8 <./Pics/7.4.png>]
Underfull \hbox (badness 10000) in paragraph at lines 81--83

 []


Underfull \hbox (badness 10000) in paragraph at lines 84--86

 []

<Pics/8.2.5.png, id=581, 561.297pt x 504.08325pt>
File: Pics/8.2.5.png Graphic file (type png)
<use Pics/8.2.5.png>
Package pdftex.def Info: Pics/8.2.5.png  used on input line 102.
(pdftex.def)             Requested size: 128.66545pt x 115.55212pt.
<Pics/8.2.6.png, id=582, 579.3645pt x 521.5485pt>
File: Pics/8.2.6.png Graphic file (type png)
<use Pics/8.2.6.png>
Package pdftex.def Info: Pics/8.2.6.png  used on input line 102.
(pdftex.def)             Requested size: 128.66545pt x 115.82333pt.

Overfull \hbox (3.99895pt too wide) in paragraph at lines 101--106
[][] 
 []

<Pics/8.2.7.png, id=583, 555.87675pt x 504.08325pt>
File: Pics/8.2.7.png Graphic file (type png)
<use Pics/8.2.7.png>
Package pdftex.def Info: Pics/8.2.7.png  used on input line 115.
(pdftex.def)             Requested size: 128.66545pt x 116.67511pt.
<Pics/8.2.8.png, id=584, 555.2745pt x 501.072pt>
File: Pics/8.2.8.png Graphic file (type png)
<use Pics/8.2.8.png>
Package pdftex.def Info: Pics/8.2.8.png  used on input line 115.
(pdftex.def)             Requested size: 128.66545pt x 116.10045pt.

Overfull \hbox (3.99895pt too wide) in paragraph at lines 114--119
[][] 
 []

<Pics/8.2.10.png, id=585, 630.55576pt x 566.71725pt>
File: Pics/8.2.10.png Graphic file (type png)
<use Pics/8.2.10.png>
Package pdftex.def Info: Pics/8.2.10.png  used on input line 130.
(pdftex.def)             Requested size: 128.66545pt x 115.633pt.
<Pics/8.2.11.png, id=586, 630.55576pt x 569.12625pt>
File: Pics/8.2.11.png Graphic file (type png)
<use Pics/8.2.11.png>
Package pdftex.def Info: Pics/8.2.11.png  used on input line 130.
(pdftex.def)             Requested size: 128.66545pt x 116.12453pt.

Overfull \hbox (3.99895pt too wide) in paragraph at lines 129--134
[][] 
 []

[9 <./Pics/8.2.1.png> <./Pics/8.2.2.png> <./Pics/8.2.5.png> <./Pics/8.2.6.png> <./Pics/8.2.7.png> <./Pics/8.2.8.png> <./Pics/8.2.10.png> <./Pics/8.2.11.png>]
Underfull \hbox (badness 10000) in paragraph at lines 177--179

 []

<Pics/8.4.1.png, id=601, 1061.76675pt x 691.383pt>
File: Pics/8.4.1.png Graphic file (type png)
<use Pics/8.4.1.png>
Package pdftex.def Info: Pics/8.4.1.png  used on input line 189.
(pdftex.def)             Requested size: 265.3012pt x 172.75038pt.
) (./9_multiple_linear_regression.tex
Underfull \hbox (badness 10000) in paragraph at lines 2--4

 []


Underfull \hbox (badness 10000) in paragraph at lines 12--14

 []


Underfull \hbox (badness 10000) in paragraph at lines 38--41

 []


Underfull \hbox (badness 10000) in paragraph at lines 68--70

 []


Underfull \hbox (badness 10000) in paragraph at lines 77--79

 []


Underfull \hbox (badness 10000) in paragraph at lines 102--104

 []

[10 <./Pics/8.4.1.png>]
Underfull \hbox (badness 10000) in paragraph at lines 116--118

 []


Underfull \hbox (badness 10000) in paragraph at lines 127--132

 []

LaTeX Font Info:    Trying to load font information for T1+cmtt on input line 138.
(c:/texlive/2020/texmf-dist/tex/latex/base/t1cmtt.fd
File: t1cmtt.fd 2019/12/16 v2.5j Standard LaTeX font definitions
)
Underfull \hbox (badness 10000) in paragraph at lines 141--143

 []


Underfull \hbox (badness 10000) in paragraph at lines 158--159

 []


Underfull \hbox (badness 10000) in paragraph at lines 168--169

 []


Package hyperref Warning: Token not allowed in a PDF string (PDFDocEncoding):
(hyperref)                removing `math shift' on input line 192.


Package hyperref Warning: Token not allowed in a PDF string (PDFDocEncoding):
(hyperref)                removing `math shift' on input line 192.


Underfull \hbox (badness 10000) in paragraph at lines 193--197

 []

) (./10_sensitivity_and_robustness.tex
Underfull \hbox (badness 10000) in paragraph at lines 5--8

 []


Underfull \hbox (badness 10000) in paragraph at lines 9--10

 []

[11]
Underfull \hbox (badness 10000) in paragraph at lines 26--28

 []


Underfull \hbox (badness 10000) in paragraph at lines 36--38

 []

<Pics/10.2.3.png, id=646, 714.87074pt x 648.62325pt>
File: Pics/10.2.3.png Graphic file (type png)
<use Pics/10.2.3.png>
Package pdftex.def Info: Pics/10.2.3.png  used on input line 60.
(pdftex.def)             Requested size: 128.66545pt x 116.73724pt.
<Pics/10.2.4.png, id=647, 722.7pt x 649.2255pt>
File: Pics/10.2.4.png Graphic file (type png)
<use Pics/10.2.4.png>
Package pdftex.def Info: Pics/10.2.4.png  used on input line 60.
(pdftex.def)             Requested size: 128.66545pt x 115.57762pt.

Overfull \hbox (3.99895pt too wide) in paragraph at lines 59--64
[][] 
 []


Underfull \hbox (badness 10000) in paragraph at lines 89--91

 []


Underfull \hbox (badness 10000) in paragraph at lines 94--98

 []

<Pics/10.4.1.png, id=648, 582.37575pt x 163.812pt>
File: Pics/10.4.1.png Graphic file (type png)
<use Pics/10.4.1.png>
Package pdftex.def Info: Pics/10.4.1.png  used on input line 107.
(pdftex.def)             Requested size: 238.76944pt x 67.16084pt.
<Pics/10.4.2.png, id=649, 579.3645pt x 163.20975pt>
File: Pics/10.4.2.png Graphic file (type png)
<use Pics/10.4.2.png>
Package pdftex.def Info: Pics/10.4.2.png  used on input line 112.
(pdftex.def)             Requested size: 238.76944pt x 67.26257pt.

Underfull \hbox (badness 10000) in paragraph at lines 118--121

 []

<Pics/10.4.5.png, id=650, 540.8205pt x 154.176pt>
File: Pics/10.4.5.png Graphic file (type png)
<use Pics/10.4.5.png>
Package pdftex.def Info: Pics/10.4.5.png  used on input line 125.
(pdftex.def)             Requested size: 238.76944pt x 68.06818pt.

Underfull \hbox (badness 10000) in paragraph at lines 122--127

 []

) (./11_variable_selection_and_modeling.tex [12 <./Pics/10.2.3.png> <./Pics/10.2.4.png> <./Pics/10.4.1.png> <./Pics/10.4.2.png> <./Pics/10.4.5.png>]
Underfull \hbox (badness 10000) in paragraph at lines 4--5

 []


Underfull \hbox (badness 10000) in paragraph at lines 55--57

 []

) (./12_design_of_experiments.tex
Underfull \hbox (badness 10000) in paragraph at lines 2--4

 []

[13]
Underfull \hbox (badness 10000) in paragraph at lines 19--20

 []


Underfull \hbox (badness 10000) in paragraph at lines 21--22

 []


Underfull \hbox (badness 10000) in paragraph at lines 23--24

 []


Underfull \hbox (badness 10000) in paragraph at lines 25--26

 []


Underfull \hbox (badness 10000) in paragraph at lines 60--61

 []

) (./13_factorial_design_and_analysis_of_variance.tex [14]
Underfull \hbox (badness 10000) in paragraph at lines 29--31

 []


Underfull \hbox (badness 10000) in paragraph at lines 46--46
[]|\T1/cmr/m/n/8 Source of
 []


Underfull \hbox (badness 10000) in paragraph at lines 47--47
[]|\T1/cmr/m/n/8 Tratments
 []


Underfull \hbox (badness 10000) in paragraph at lines 48--48
[]|\T1/cmr/m/n/8 Error
 []


Underfull \hbox (badness 10000) in paragraph at lines 118--118
[]|\T1/cmr/m/n/8 Source of
 []


Underfull \hbox (badness 10000) in paragraph at lines 118--118
[]|\T1/cmr/m/n/8 Mean
 []


Overfull \hbox (5.85434pt too wide) in paragraph at lines 118--118
\T1/cmr/m/n/8 Squares| 
 []


Underfull \hbox (badness 10000) in paragraph at lines 118--118
[]|\T1/cmr/m/n/8 Test
 []


Overfull \hbox (9.50526pt too wide) in paragraph at lines 119--120
[]|$[][]\OML/cmm/m/it/8 =[][]$| 
 []


Overfull \hbox (9.80734pt too wide) in paragraph at lines 120--121
[]|$[][]\OML/cmm/m/it/8 =[][]$| 
 []


Underfull \hbox (badness 10000) in paragraph at lines 157--159

 []

[15]
Underfull \hbox (badness 10000) in paragraph at lines 183--183
[]|\T1/cmr/m/n/8 Source of
 []


Overfull \hbox (3.00932pt too wide) in paragraph at lines 183--183
\T1/cmr/m/n/8 Squares| 
 []


Underfull \hbox (badness 10000) in paragraph at lines 183--183
[]|\T1/cmr/m/n/8 Mean
 []


Overfull \hbox (5.85434pt too wide) in paragraph at lines 183--183
\T1/cmr/m/n/8 Squares| 
 []


Underfull \hbox (badness 10000) in paragraph at lines 183--183
[]|\T1/cmr/m/n/8 Test
 []


Overfull \hbox (9.50526pt too wide) in paragraph at lines 184--185
[]|$[][]\OML/cmm/m/it/8 =[][]$| 
 []


Overfull \hbox (9.80734pt too wide) in paragraph at lines 185--186
[]|$[][]\OML/cmm/m/it/8 =[][]$| 
 []


Overfull \hbox (7.71083pt too wide) in paragraph at lines 186--187
[]|$[][]\OML/cmm/m/it/8 =[][]$| 
 []


Underfull \hbox (badness 10000) in paragraph at lines 218--221

 []

) (./14_screening_experiments.tex

Package hyperref Warning: Token not allowed in a PDF string (PDFDocEncoding):
(hyperref)                removing `math shift' on input line 7.


Package hyperref Warning: Token not allowed in a PDF string (PDFDocEncoding):
(hyperref)                removing `superscript' on input line 7.


Package hyperref Warning: Token not allowed in a PDF string (PDFDocEncoding):
(hyperref)                removing `math shift' on input line 7.


Underfull \hbox (badness 10000) in paragraph at lines 8--10

 []


Overfull \hbox (0.63332pt too wide) detected at line 45
[]
 []


Underfull \hbox (badness 10000) in paragraph at lines 87--88

 []

[16]
<Pics/14.1.2.png, id=748, 495.0495pt x 448.67625pt>
File: Pics/14.1.2.png Graphic file (type png)
<use Pics/14.1.2.png>
Package pdftex.def Info: Pics/14.1.2.png  used on input line 100.
(pdftex.def)             Requested size: 128.66545pt x 116.61198pt.
<Pics/14.1.3.png, id=749, 464.937pt x 457.71pt>
File: Pics/14.1.3.png Graphic file (type png)
<use Pics/14.1.3.png>
Package pdftex.def Info: Pics/14.1.3.png  used on input line 100.
(pdftex.def)             Requested size: 128.66545pt x 126.66333pt.


Package hyperref Warning: Token not allowed in a PDF string (PDFDocEncoding):
(hyperref)                removing `math shift' on input line 105.


Package hyperref Warning: Token not allowed in a PDF string (PDFDocEncoding):
(hyperref)                removing `superscript' on input line 105.


Package hyperref Warning: Token not allowed in a PDF string (PDFDocEncoding):
(hyperref)                removing `math shift' on input line 105.


Underfull \hbox (badness 10000) in paragraph at lines 106--108

 []


Underfull \hbox (badness 10000) in paragraph at lines 109--112

 []

) (./15_response_surface_methodology.tex
Underfull \hbox (badness 10000) in paragraph at lines 29--31

 []

<Pics/15.1.2.png, id=750, 578.16pt x 519.74174pt>
File: Pics/15.1.2.png Graphic file (type png)
<use Pics/15.1.2.png>
Package pdftex.def Info: Pics/15.1.2.png  used on input line 71.
(pdftex.def)             Requested size: 185.71002pt x 166.93935pt.
[17 <./Pics/14.1.2.png> <./Pics/14.1.3.png>]
Underfull \hbox (badness 10000) in paragraph at lines 78--79

 []


Underfull \hbox (badness 10000) in paragraph at lines 92--95

 []


Underfull \hbox (badness 10000) in paragraph at lines 99--101

 []


Underfull \hbox (badness 10000) in paragraph at lines 102--103

 []


Underfull \hbox (badness 10000) in paragraph at lines 113--115

 []

<Pics/15.2.1.png, id=769, 598.03426pt x 540.8205pt>
File: Pics/15.2.1.png Graphic file (type png)
<use Pics/15.2.1.png>
Package pdftex.def Info: Pics/15.2.1.png  used on input line 144.
(pdftex.def)             Requested size: 185.71002pt x 167.94144pt.

Underfull \hbox (badness 10000) in paragraph at lines 171--173

 []


Underfull \hbox (badness 10000) in paragraph at lines 174--175

 []

[18 <./Pics/15.1.2.png> <./Pics/15.2.1.png>]
<Pics/15.2.3.png, id=786, 659.46375pt x 599.23875pt>
File: Pics/15.2.3.png Graphic file (type png)
<use Pics/15.2.3.png>
Package pdftex.def Info: Pics/15.2.3.png  used on input line 185.
(pdftex.def)             Requested size: 212.24176pt x 192.85754pt.

Underfull \hbox (badness 10000) in paragraph at lines 182--187

 []

) (./16_R.tex
LaTeX Font Info:    Font shape `T1/cmtt/bx/n' in size <8> not available
(Font)              Font shape `T1/cmtt/m/n' tried instead on input line 9.

Underfull \hbox (badness 10000) in paragraph at lines 90--94

 []


Underfull \hbox (badness 10000) in paragraph at lines 95--100
\T1/cmtt/m/n/8 find.plan(PRP=c(p.alpha, 1-alpha), CRP=c(p.beta, beta),
 []


Underfull \hbox (badness 10000) in paragraph at lines 95--100

 []


Underfull \hbox (badness 10000) in paragraph at lines 109--112

 []


Underfull \hbox (badness 10000) in paragraph at lines 113--115

 []


Underfull \hbox (badness 10000) in paragraph at lines 124--126

 []

[19 <./Pics/15.2.3.png>]
Underfull \hbox (badness 10000) in paragraph at lines 127--128

 []


Underfull \hbox (badness 10000) in paragraph at lines 129--131

 []


Underfull \hbox (badness 10000) in paragraph at lines 132--133

 []


Underfull \hbox (badness 10000) in paragraph at lines 135--138

 []


Underfull \hbox (badness 10000) in paragraph at lines 139--142

 []


Underfull \hbox (badness 10000) in paragraph at lines 193--194

 []


Overfull \hbox (2.38289pt too wide) in paragraph at lines 276--276
[]  \T1/cmtt/m/n/7 lm(formula = Vibration.log ~ Distance.log + Charge.log + Position.fac,[] 
 []


Underfull \hbox (badness 10000) in paragraph at lines 279--282

 []


Underfull \hbox (badness 10000) in paragraph at lines 287--289

 []


Underfull \hbox (badness 10000) in paragraph at lines 290--293

 []

[20]
Underfull \hbox (badness 10000) in paragraph at lines 305--306

 []


Underfull \hbox (badness 10000) in paragraph at lines 307--309

 []


Underfull \hbox (badness 10000) in paragraph at lines 326--327

 []


Underfull \hbox (badness 10000) in paragraph at lines 330--334

 []


Underfull \hbox (badness 10000) in paragraph at lines 345--346

 []


Underfull \hbox (badness 10000) in paragraph at lines 371--373

 []


Underfull \hbox (badness 10000) in paragraph at lines 385--386

 []


Underfull \hbox (badness 10000) in paragraph at lines 388--391

 []


Underfull \hbox (badness 10000) in paragraph at lines 392--394

 []


Underfull \hbox (badness 10000) in paragraph at lines 404--407

 []

) [21] (./90_tables.tex
<Pics/T.2.img.png, id=808, 749.80125pt x 345.54094pt>
File: Pics/T.2.img.png Graphic file (type png)
<use Pics/T.2.img.png>
Package pdftex.def Info: Pics/T.2.img.png  used on input line 5.
(pdftex.def)             Requested size: 185.71002pt x 85.57832pt.
<Pics/T.2.png, id=809, 554.07pt x 845.40843pt>
File: Pics/T.2.png Graphic file (type png)
<use Pics/T.2.png>
Package pdftex.def Info: Pics/T.2.png  used on input line 10.
(pdftex.def)             Requested size: 265.3012pt x 404.79814pt.


Package hyperref Warning: Token not allowed in a PDF string (PDFDocEncoding):
(hyperref)                removing `math shift' on input line 15.


Package hyperref Warning: Token not allowed in a PDF string (PDFDocEncoding):
(hyperref)                removing `math shift' on input line 15.

<Pics/T.3.img.png, id=810, 664.28175pt x 314.3745pt>
File: Pics/T.3.img.png Graphic file (type png)
<use Pics/T.3.img.png>
Package pdftex.def Info: Pics/T.3.img.png  used on input line 19.
(pdftex.def)             Requested size: 185.71002pt x 87.88994pt.
<Pics/T.3.png, id=811, 461.92575pt x 720.291pt>
File: Pics/T.3.png Graphic file (type png)
<use Pics/T.3.png>
Package pdftex.def Info: Pics/T.3.png  used on input line 24.
(pdftex.def)             Requested size: 265.3012pt x 413.70248pt.
<Pics/T.15.png, id=812, 723.9045pt x 543.2295pt>
File: Pics/T.15.png Graphic file (type png)
<use Pics/T.15.png>
Package pdftex.def Info: Pics/T.15.png  used on input line 32.
(pdftex.def)             Requested size: 265.3012pt x 199.09358pt.
) [22 <./Pics/T.2.img.png> <./Pics/T.2.png> <./Pics/T.3.img.png> <./Pics/T.3.png>] [23 <./Pics/T.15.png>]
Package atveryend Info: Empty hook `BeforeClearDocument' on input line 53.
Package atveryend Info: Empty hook `AfterLastShipout' on input line 53.
 (./main.aux)
Package atveryend Info: Executing hook `AtVeryEndDocument' on input line 53.
Package atveryend Info: Executing hook `AtEndAfterFileList' on input line 53.
Package rerunfilecheck Info: File `main.out' has not changed.
(rerunfilecheck)             Checksum: DEF414FE64C049BE9DDB3E07DB53AD91;6296.
Package atveryend Info: Empty hook `AtVeryVeryEnd' on input line 53.
 ) 
Here is how much of TeX's memory you used:
 14394 strings out of 480876
 253409 string characters out of 5911487
 708976 words of memory out of 5000000
 29292 multiletter control sequences out of 15000+600000
 560981 words of font info for 96 fonts, out of 8000000 for 9000
 1141 hyphenation exceptions out of 8191
 46i,19n,48p,980b,990s stack positions out of 5000i,500n,10000p,200000b,80000s
{c:/texlive/2020/texmf-dist/fonts/enc/dvips/cm-super/cm-super-t1.enc}{c:/texlive/2020/texmf-dist/fonts/enc/dvips/cm-super/cm-super-ts1.enc}<c:/texlive/2020/texmf-dist/fonts/type1/public/amsfonts/cm/cmbx10.pfb><c:/texlive/2020/texmf-dist/fonts/type1/public/amsfonts/cm/cmbx12.pfb><c:/texlive/2020/texmf-dist/fonts/type1/public/amsfonts/cm/cmbx6.pfb><c:/texlive/2020/texmf-dist/fonts/type1/public/amsfonts/cm/cmbx7.pfb><c:/texlive/2020/texmf-dist/fonts/type1/public/amsfonts/cm/cmbx8.pfb><c:/texlive/2020/texmf-dist/fonts/type1/public/amsfonts/cmextra/cmex8.pfb><c:/texlive/2020/texmf-dist/fonts/type1/public/amsfonts/cm/cmmi10.pfb><c:/texlive/2020/texmf-dist/fonts/type1/public/amsfonts/cm/cmmi5.pfb><c:/texlive/2020/texmf-dist/fonts/type1/public/amsfonts/cm/cmmi6.pfb><c:/texlive/2020/texmf-dist/fonts/type1/public/amsfonts/cm/cmmi7.pfb><c:/texlive/2020/texmf-dist/fonts/type1/public/amsfonts/cm/cmmi8.pfb><c:/texlive/2020/texmf-dist/fonts/type1/public/amsfonts/cm/cmr10.pfb><c:/texlive/2020/texmf-
dist/fonts/type1/public/amsfonts/cm/cmr5.pfb><c:/texlive/2020/texmf-dist/fonts/type1/public/amsfonts/cm/cmr6.pfb><c:/texlive/2020/texmf-dist/fonts/type1/public/amsfonts/cm/cmr7.pfb><c:/texlive/2020/texmf-dist/fonts/type1/public/amsfonts/cm/cmr8.pfb><c:/texlive/2020/texmf-dist/fonts/type1/public/amsfonts/cm/cmsy5.pfb><c:/texlive/2020/texmf-dist/fonts/type1/public/amsfonts/cm/cmsy6.pfb><c:/texlive/2020/texmf-dist/fonts/type1/public/amsfonts/cm/cmsy7.pfb><c:/texlive/2020/texmf-dist/fonts/type1/public/amsfonts/cm/cmsy8.pfb><c:/texlive/2020/texmf-dist/fonts/type1/public/cm-super/sfbx0800.pfb><c:/texlive/2020/texmf-dist/fonts/type1/public/cm-super/sfbx1000.pfb><c:/texlive/2020/texmf-dist/fonts/type1/public/cm-super/sfbx1200.pfb><c:/texlive/2020/texmf-dist/fonts/type1/public/cm-super/sfbx1440.pfb><c:/texlive/2020/texmf-dist/fonts/type1/public/cm-super/sfbx2074.pfb><c:/texlive/2020/texmf-dist/fonts/type1/public/cm-super/sfrm0600.pfb><c:/texlive/2020/texmf-dist/fonts/type1/public/cm-super/sfrm0
700.pfb><c:/texlive/2020/texmf-dist/fonts/type1/public/cm-super/sfrm0800.pfb><c:/texlive/2020/texmf-dist/fonts/type1/public/cm-super/sfrm1000.pfb><c:/texlive/2020/texmf-dist/fonts/type1/public/cm-super/sfti0700.pfb><c:/texlive/2020/texmf-dist/fonts/type1/public/cm-super/sfti0800.pfb><c:/texlive/2020/texmf-dist/fonts/type1/public/cm-super/sftt0800.pfb>
Output written on main.pdf (23 pages, 3304669 bytes).
PDF statistics:
 1016 PDF objects out of 1200 (max. 8388607)
 862 compressed objects within 9 object streams
 366 named destinations out of 1000 (max. 500000)
 909 words of extra memory for PDF output out of 10000 (max. 10000000)

